<?xml version="1.0" encoding="UTF-8"?>
<testng-results ignored="1" total="2" passed="1" failed="0" skipped="0">
  <reporter-output>
  </reporter-output>
  <suite started-at="2023-08-09T17:13:36 IST" name="Default suite" finished-at="2023-08-09T17:13:36 IST" duration-ms="44">
    <groups>
    </groups>
    <test started-at="2023-08-09T17:13:36 IST" name="Default test" finished-at="2023-08-09T17:13:36 IST" duration-ms="44">
      <class name="ui.LoginTest">
        <test-method signature="loginTest()[pri:1, instance:ui.LoginTest@2f7298b]" started-at="2023-08-09T17:13:36 IST" name="loginTest" finished-at="2023-08-09T17:13:36 IST" duration-ms="9" status="PASS">
          <reporter-output>
          </reporter-output>
        </test-method> <!-- loginTest -->
      </class> <!-- ui.LoginTest -->
    </test> <!-- Default test -->
  </suite> <!-- Default suite -->
</testng-results>
